{"contracts/OverdraftToken.sol":{"l":{"29":17,"30":16,"37":16,"38":15,"45":54,"46":54,"55":4,"57":4,"58":3,"59":3,"60":3,"61":3,"69":3,"70":3,"71":3,"79":2,"80":2,"81":2,"89":3,"90":3,"91":3,"99":2,"100":2,"101":2,"110":8,"111":7,"113":6,"114":6,"115":6,"116":6,"133":7,"134":5,"135":4,"137":3,"138":3,"139":3,"140":3,"141":3},"path":"/home/enrique/Documents/Personal/overdraftToken/OverdraftToken/contracts/OverdraftToken.sol","s":{"1":17,"2":16,"3":54,"4":54,"5":4,"6":4,"7":3,"8":3,"9":3,"10":3,"11":3,"12":3,"13":3,"14":2,"15":2,"16":2,"17":3,"18":3,"19":3,"20":2,"21":2,"22":2,"23":8,"24":7,"25":6,"26":6,"27":6,"28":6,"29":7,"30":5,"31":4,"32":3,"33":3,"34":3,"35":3,"36":3},"b":{"1":[16,1],"2":[15,1],"3":[4,0],"4":[7,1],"5":[6,1],"6":[5,2],"7":[4,1],"8":[3,1]},"f":{"1":17,"2":16,"3":54,"4":4,"5":3,"6":2,"7":3,"8":2,"9":8,"10":7},"fnMap":{"1":{"name":"canReceive","line":28,"loc":{"start":{"line":28,"column":4},"end":{"line":28,"column":41}}},"2":{"name":"canTransfer","line":36,"loc":{"start":{"line":36,"column":4},"end":{"line":36,"column":25}}},"3":{"name":null,"line":44,"loc":{"start":{"line":44,"column":4},"end":{"line":44,"column":22}}},"4":{"name":"editOverdraft","line":54,"loc":{"start":{"line":54,"column":4},"end":{"line":54,"column":103}}},"5":{"name":"pauseReceive","line":68,"loc":{"start":{"line":68,"column":4},"end":{"line":68,"column":80}}},"6":{"name":"unpauseReceive","line":78,"loc":{"start":{"line":78,"column":4},"end":{"line":78,"column":84}}},"7":{"name":"pauseTransfer","line":88,"loc":{"start":{"line":88,"column":4},"end":{"line":88,"column":81}}},"8":{"name":"unpauseTransfer","line":98,"loc":{"start":{"line":98,"column":4},"end":{"line":98,"column":85}}},"9":{"name":"transfer","line":109,"loc":{"start":{"line":109,"column":4},"end":{"line":109,"column":98}}},"10":{"name":"transferFrom","line":125,"loc":{"start":{"line":125,"column":4},"end":{"line":132,"column":5}}}},"statementMap":{"1":{"start":{"line":29,"column":8},"end":{"line":29,"column":87}},"2":{"start":{"line":37,"column":8},"end":{"line":37,"column":84}},"3":{"start":{"line":45,"column":8},"end":{"line":45,"column":35}},"4":{"start":{"line":46,"column":8},"end":{"line":46,"column":43}},"5":{"start":{"line":55,"column":8},"end":{"line":55,"column":2026}},"6":{"start":{"line":57,"column":8},"end":{"line":57,"column":96}},"7":{"start":{"line":58,"column":8},"end":{"line":58,"column":57}},"8":{"start":{"line":59,"column":8},"end":{"line":59,"column":79}},"9":{"start":{"line":60,"column":8},"end":{"line":60,"column":74}},"10":{"start":{"line":61,"column":8},"end":{"line":61,"column":19}},"11":{"start":{"line":69,"column":8},"end":{"line":69,"column":44}},"12":{"start":{"line":70,"column":8},"end":{"line":70,"column":55}},"13":{"start":{"line":71,"column":8},"end":{"line":71,"column":19}},"14":{"start":{"line":79,"column":8},"end":{"line":79,"column":47}},"15":{"start":{"line":80,"column":8},"end":{"line":80,"column":59}},"16":{"start":{"line":81,"column":8},"end":{"line":81,"column":19}},"17":{"start":{"line":89,"column":8},"end":{"line":89,"column":45}},"18":{"start":{"line":90,"column":8},"end":{"line":90,"column":56}},"19":{"start":{"line":91,"column":8},"end":{"line":91,"column":19}},"20":{"start":{"line":99,"column":8},"end":{"line":99,"column":48}},"21":{"start":{"line":100,"column":8},"end":{"line":100,"column":60}},"22":{"start":{"line":101,"column":8},"end":{"line":101,"column":19}},"23":{"start":{"line":110,"column":8},"end":{"line":110,"column":68}},"24":{"start":{"line":111,"column":8},"end":{"line":111,"column":65}},"25":{"start":{"line":113,"column":8},"end":{"line":113,"column":62}},"26":{"start":{"line":114,"column":8},"end":{"line":114,"column":48}},"27":{"start":{"line":115,"column":8},"end":{"line":115,"column":46}},"28":{"start":{"line":116,"column":8},"end":{"line":116,"column":19}},"29":{"start":{"line":133,"column":8},"end":{"line":133,"column":63}},"30":{"start":{"line":134,"column":8},"end":{"line":134,"column":76}},"31":{"start":{"line":135,"column":8},"end":{"line":135,"column":65}},"32":{"start":{"line":137,"column":8},"end":{"line":137,"column":52}},"33":{"start":{"line":138,"column":8},"end":{"line":138,"column":48}},"34":{"start":{"line":139,"column":8},"end":{"line":139,"column":74}},"35":{"start":{"line":140,"column":8},"end":{"line":140,"column":41}},"36":{"start":{"line":141,"column":8},"end":{"line":141,"column":19}}},"branchMap":{"1":{"line":29,"type":"if","locations":[{"start":{"line":29,"column":8},"end":{"line":29,"column":8}},{"start":{"line":29,"column":8},"end":{"line":29,"column":8}}]},"2":{"line":37,"type":"if","locations":[{"start":{"line":37,"column":8},"end":{"line":37,"column":8}},{"start":{"line":37,"column":8},"end":{"line":37,"column":8}}]},"3":{"line":55,"type":"if","locations":[{"start":{"line":55,"column":8},"end":{"line":55,"column":8}},{"start":{"line":55,"column":8},"end":{"line":55,"column":8}}]},"4":{"line":110,"type":"if","locations":[{"start":{"line":110,"column":8},"end":{"line":110,"column":8}},{"start":{"line":110,"column":8},"end":{"line":110,"column":8}}]},"5":{"line":111,"type":"if","locations":[{"start":{"line":111,"column":8},"end":{"line":111,"column":8}},{"start":{"line":111,"column":8},"end":{"line":111,"column":8}}]},"6":{"line":133,"type":"if","locations":[{"start":{"line":133,"column":8},"end":{"line":133,"column":8}},{"start":{"line":133,"column":8},"end":{"line":133,"column":8}}]},"7":{"line":134,"type":"if","locations":[{"start":{"line":134,"column":8},"end":{"line":134,"column":8}},{"start":{"line":134,"column":8},"end":{"line":134,"column":8}}]},"8":{"line":135,"type":"if","locations":[{"start":{"line":135,"column":8},"end":{"line":135,"column":8}},{"start":{"line":135,"column":8},"end":{"line":135,"column":8}}]}}}}